[1108/215730.473:WARNING:spdy_session.cc(3326)] Received HEADERS for invalid stream 1
[1108/215730.478:WARNING:spdy_session.cc(3326)] Received HEADERS for invalid stream 7
[1108/215730.499:WARNING:spdy_session.cc(3326)] Received HEADERS for invalid stream 13
[1108/215730.499:WARNING:spdy_session.cc(3326)] Received HEADERS for invalid stream 15
[1108/215730.499:WARNING:spdy_session.cc(3326)] Received HEADERS for invalid stream 17
[1108/223056.469:ERROR:browser_process_sub_thread.cc(221)] Waited 23 ms for network service
[1111/130152.650:ERROR:cache_util_win.cc(21)] Unable to move the cache: Access is denied. (0x5)
[1111/130152.650:ERROR:cache_util.cc(141)] Unable to move cache folder C:\Users\Priyam\AppData\Roaming\DWSIM Project\DWSIM\5.8.7235.16694\BrowserDataCache\GPUCache to C:\Users\Priyam\AppData\Roaming\DWSIM Project\DWSIM\5.8.7235.16694\BrowserDataCache\old_GPUCache_000
[1111/130152.652:ERROR:disk_cache.cc(178)] Unable to create cache
[1111/130152.652:ERROR:shader_disk_cache.cc(623)] Shader Cache Creation failed: -2
[1111/130152.801:ERROR:cache_util_win.cc(21)] Unable to move the cache: Access is denied. (0x5)
[1111/130152.802:ERROR:cache_util.cc(141)] Unable to move cache folder C:\Users\Priyam\AppData\Roaming\DWSIM Project\DWSIM\5.8.7235.16694\BrowserDataCache\Cache to C:\Users\Priyam\AppData\Roaming\DWSIM Project\DWSIM\5.8.7235.16694\BrowserDataCache\old_Cache_000
[1111/130152.802:ERROR:disk_cache.cc(178)] Unable to create cache
[1111/140215.343:ERROR:browser_process_sub_thread.cc(221)] Waited 35 ms for network service
[1208/213247.320:WARNING:dns_config_service_win.cc(672)] Failed to read DnsConfig.
[1208/213247.322:WARNING:dns_config_service_win.cc(672)] Failed to read DnsConfig.
[1208/213252.332:WARNING:dns_config_service_win.cc(672)] Failed to read DnsConfig.
[1208/213252.332:WARNING:dns_config_service_win.cc(672)] Failed to read DnsConfig.
[1208/213257.362:WARNING:dns_config_service_win.cc(672)] Failed to read DnsConfig.
[1208/213257.362:WARNING:dns_config_service_win.cc(672)] Failed to read DnsConfig.
[1208/213302.385:WARNING:dns_config_service_win.cc(672)] Failed to read DnsConfig.
[1208/213302.385:WARNING:dns_config_service_win.cc(672)] Failed to read DnsConfig.
[1208/213307.400:WARNING:dns_config_service_win.cc(672)] Failed to read DnsConfig.
[1208/213307.400:WARNING:dns_config_service_win.cc(672)] Failed to read DnsConfig.
[1208/213312.426:WARNING:dns_config_service_win.cc(672)] Failed to read DnsConfig.
[1208/213312.426:WARNING:dns_config_service_win.cc(672)] Failed to read DnsConfig.
[1208/213317.448:WARNING:dns_config_service_win.cc(672)] Failed to read DnsConfig.
[1208/213317.448:WARNING:dns_config_service_win.cc(672)] Failed to read DnsConfig.
[1208/213322.467:WARNING:dns_config_service_win.cc(672)] Failed to read DnsConfig.
[1208/213322.467:WARNING:dns_config_service_win.cc(672)] Failed to read DnsConfig.
[1208/213327.475:WARNING:dns_config_service_win.cc(672)] Failed to read DnsConfig.
[1208/213327.491:WARNING:dns_config_service_win.cc(672)] Failed to read DnsConfig.
[1208/213332.501:WARNING:dns_config_service_win.cc(672)] Failed to read DnsConfig.
[1208/213332.501:WARNING:dns_config_service_win.cc(672)] Failed to read DnsConfig.
[1208/213337.526:WARNING:dns_config_service_win.cc(672)] Failed to read DnsConfig.
[1208/213337.526:WARNING:dns_config_service_win.cc(672)] Failed to read DnsConfig.
[1208/213342.556:WARNING:dns_config_service_win.cc(672)] Failed to read DnsConfig.
[1208/213342.556:WARNING:dns_config_service_win.cc(672)] Failed to read DnsConfig.
[1208/213347.578:WARNING:dns_config_service_win.cc(672)] Failed to read DnsConfig.
[1208/213347.578:WARNING:dns_config_service_win.cc(672)] Failed to read DnsConfig.
[1208/213352.605:WARNING:dns_config_service_win.cc(672)] Failed to read DnsConfig.
[1208/213352.605:WARNING:dns_config_service_win.cc(672)] Failed to read DnsConfig.
[1208/213357.640:WARNING:dns_config_service_win.cc(672)] Failed to read DnsConfig.
[1208/213357.640:WARNING:dns_config_service_win.cc(672)] Failed to read DnsConfig.
[1208/213402.651:WARNING:dns_config_service_win.cc(672)] Failed to read DnsConfig.
[1208/213402.651:WARNING:dns_config_service_win.cc(672)] Failed to read DnsConfig.
[1208/213407.690:WARNING:dns_config_service_win.cc(672)] Failed to read DnsConfig.
[1208/213407.690:WARNING:dns_config_service_win.cc(672)] Failed to read DnsConfig.
[1208/213412.712:WARNING:dns_config_service_win.cc(672)] Failed to read DnsConfig.
[1208/213412.712:WARNING:dns_config_service_win.cc(672)] Failed to read DnsConfig.
[1209/011839.683:ERROR:browser_process_sub_thread.cc(221)] Waited 19 ms for network service
